<!DOCTYPE html PUBLIC "-//W3C//DTD XHTML 1.0 Transitional//EN" "http://www.w3.org/TR/xhtml1/DTD/xhtml1-transitional.dtd">
<!-- Generated by Apache Maven Doxia Site Renderer 1.4 at 2015-04-22 -->
<html xmlns="http://www.w3.org/1999/xhtml" xml:lang="en" lang="en">
  <head>
    <meta http-equiv="Content-Type" content="text/html; charset=UTF-8" />
    <title>Automatic Library - Surefire Report</title>
    <style type="text/css" media="all">
      @import url("./css/maven-base.css");
      @import url("./css/maven-theme.css");
      @import url("./css/site.css");
    </style>
    <link rel="stylesheet" href="./css/print.css" type="text/css" media="print" />
    <meta name="Date-Revision-yyyymmdd" content="20150422" />
    <meta http-equiv="Content-Language" content="en" />
        
        </head>
  <body class="composite">
    <div id="banner">
                    <div id="bannerLeft">
                Automatic Library
                </div>
                              <a href="http://www.ese.upenn.edu" id="bannerRight">
                                        <img src="http://i.imgur.com/LGdCix2.png" alt="$alt" />
                </a>
            <div class="clear">
        <hr/>
      </div>
    </div>
    <div id="breadcrumbs">
            
                    
                <div class="xleft">
        <span id="publishDate">Last Published: 2015-04-22</span>
                  &nbsp;| <span id="projectVersion">Version: 0.1</span>
                      </div>
            <div class="xright">        
                    
      </div>
      <div class="clear">
        <hr/>
      </div>
    </div>
    <div id="leftColumn">
      <div id="navcolumn">
             
                    
                                          <h5>Project Documentation</h5>
                  <ul>
                                                                                                                                                                                                                    <li class="collapsed">
                          <a href="project-info.html" title="Project Information">Project Information</a>
                  </li>
                                                                              <li class="expanded">
                          <a href="project-reports.html" title="Project Reports">Project Reports</a>
                    <ul>
                      <li class="none">
            <strong>Surefire Report</strong>
          </li>
              </ul>
        </li>
          </ul>
                                                                                                                               <a href="http://maven.apache.org/" title="Maven" class="poweredBy">
        <img class="poweredBy"  alt="Maven" src="http://maven.apache.org/images/logos/maven-feather.png"     />
      </a>
                       
                    
            </div>
    </div>
    <div id="bodyColumn">
      <div id="contentBox">
        <script type="text/javascript">
//<![CDATA[
function toggleDisplay(elementId) {
 var elm = document.getElementById(elementId + 'error');
 if (elm && typeof elm.style != "undefined") {
 if (elm.style.display == "none") {
 elm.style.display = "";
 document.getElementById(elementId + 'off').style.display = "none";
 document.getElementById(elementId + 'on').style.display = "inline";
 } else if (elm.style.display == "") { elm.style.display = "none";
 document.getElementById(elementId + 'off').style.display = "inline";
 document.getElementById(elementId + 'on').style.display = "none";
 } 
 } 
 }
//]]>
</script>
<div class="section">
<h2>Surefire Report<a name="Surefire_Report"></a></h2></div>
<div class="section">
<h2>Summary<a name="Summary"></a></h2><a name="Summary"></a>
<p>[<a href="#Summary">Summary</a>] [<a href="#Package_List">Package List</a>] [<a href="#Test_Cases">Test Cases</a>]</p><br />
<table border="1" class="bodyTable">
<tr class="a">
<th>Tests</th>
<th>Errors </th>
<th>Failures</th>
<th>Skipped</th>
<th>Success Rate</th>
<th>Time</th></tr>
<tr class="b">
<td>23</td>
<td>0</td>
<td>19</td>
<td>0</td>
<td>17.391%</td>
<td>0.085</td></tr></table><br />
<p>Note: failures are anticipated and checked for with assertions while errors are unanticipated.</p><br /></div>
<div class="section">
<h2>Package List<a name="Package_List"></a></h2><a name="Package_List"></a>
<p>[<a href="#Summary">Summary</a>] [<a href="#Package_List">Package List</a>] [<a href="#Test_Cases">Test Cases</a>]</p><br />
<table border="1" class="bodyTable">
<tr class="a">
<th>Package</th>
<th>Tests</th>
<th>Errors </th>
<th>Failures</th>
<th>Skipped</th>
<th>Success Rate</th>
<th>Time</th></tr>
<tr class="b">
<td><a href="#autolib_tests">autolib_tests</a></td>
<td>23</td>
<td>0</td>
<td>19</td>
<td>0</td>
<td>17.391%</td>
<td>0.085</td></tr></table><br />
<p>Note: package statistics are not computed recursively, they only sum up all of its testsuites numbers.</p>
<div class="section">
<h3>autolib_tests<a name="autolib_tests"></a></h3><a name="autolib_tests"></a>
<table border="1" class="bodyTable">
<tr class="a">
<th></th>
<th>Class</th>
<th>Tests</th>
<th>Errors </th>
<th>Failures</th>
<th>Skipped</th>
<th>Success Rate</th>
<th>Time</th></tr>
<tr class="b">
<td><a href="#autolib_testsCatalogTest"><img src="images/icon_warning_sml.gif" alt="" /></a></td>
<td><a href="#autolib_testsCatalogTest">CatalogTest</a></td>
<td>2</td>
<td>0</td>
<td>2</td>
<td>0</td>
<td>0%</td>
<td>0.012</td></tr>
<tr class="a">
<td><a href="#autolib_testsLibraryBookTest"><img src="images/icon_warning_sml.gif" alt="" /></a></td>
<td><a href="#autolib_testsLibraryBookTest">LibraryBookTest</a></td>
<td>21</td>
<td>0</td>
<td>17</td>
<td>0</td>
<td>19.048%</td>
<td>0.073</td></tr></table></div><br /></div>
<div class="section">
<h2>Test Cases<a name="Test_Cases"></a></h2><a name="Test_Cases"></a>
<p>[<a href="#Summary">Summary</a>] [<a href="#Package_List">Package List</a>] [<a href="#Test_Cases">Test Cases</a>]</p>
<div class="section">
<h3>CatalogTest<a name="CatalogTest"></a></h3><a name="autolib_testsCatalogTest"></a>
<table border="1" class="bodyTable">
<tr class="a">
<td><a href="#autolib_tests.CatalogTest.testBackoffRequest"><img src="images/icon_error_sml.gif" alt="" /></a></td>
<td><a href="#autolib_tests.CatalogTest.testBackoffRequest">testBackoffRequest</a>
<div class="detailToggle" style="display:inline"><a href="javascript:toggleDisplay(&apos;autolib_tests.CatalogTest.testBackoffRequest&apos;);"><span style="display:inline;" id="autolib_tests.CatalogTest.testBackoffRequestoff"> + </span><span style="display:none;" id="autolib_tests.CatalogTest.testBackoffRequeston"> - </span>[ Detail ]</a></div></td>
<td>0.008</td></tr>
<tr class="b">
<td></td>
<td>Not yet implemented</td>
<td></td></tr>
<tr class="a">
<td></td>
<td>
<div id="autolib_tests.CatalogTest.testBackoffRequesterror" style="display:none;">
<div>
<pre>java.lang.AssertionError: Not yet implementedat org.junit.Assert.fail(Assert.java:88)at autolib_tests.CatalogTest.testBackoffRequest(CatalogTest.java:21)</pre></div></div></td>
<td></td></tr>
<tr class="b">
<td><a href="#autolib_tests.CatalogTest.testGetMin"><img src="images/icon_error_sml.gif" alt="" /></a></td>
<td><a href="#autolib_tests.CatalogTest.testGetMin">testGetMin</a>
<div class="detailToggle" style="display:inline"><a href="javascript:toggleDisplay(&apos;autolib_tests.CatalogTest.testGetMin&apos;);"><span style="display:inline;" id="autolib_tests.CatalogTest.testGetMinoff"> + </span><span style="display:none;" id="autolib_tests.CatalogTest.testGetMinon"> - </span>[ Detail ]</a></div></td>
<td>0.004</td></tr>
<tr class="a">
<td></td>
<td>Not yet implemented</td>
<td></td></tr>
<tr class="b">
<td></td>
<td>
<div id="autolib_tests.CatalogTest.testGetMinerror" style="display:none;">
<div>
<pre>java.lang.AssertionError: Not yet implementedat org.junit.Assert.fail(Assert.java:88)at autolib_tests.CatalogTest.testGetMin(CatalogTest.java:26)</pre></div></div></td>
<td></td></tr></table></div>
<div class="section">
<h3>LibraryBookTest<a name="LibraryBookTest"></a></h3><a name="autolib_testsLibraryBookTest"></a>
<table border="1" class="bodyTable">
<tr class="a">
<td><img src="images/icon_success_sml.gif" alt="" /></td>
<td>testConstructorValidVolumeAndShelf</td>
<td>0.045</td></tr>
<tr class="b">
<td><img src="images/icon_success_sml.gif" alt="" /></td>
<td>testGetTitle</td>
<td>0.001</td></tr>
<tr class="a">
<td><img src="images/icon_success_sml.gif" alt="" /></td>
<td>testGetShelfNumber</td>
<td>0</td></tr>
<tr class="b">
<td><a href="#autolib_tests.LibraryBookTest.testConstructorValidVolumeInvalidShelfZero"><img src="images/icon_error_sml.gif" alt="" /></a></td>
<td><a href="#autolib_tests.LibraryBookTest.testConstructorValidVolumeInvalidShelfZero">testConstructorValidVolumeInvalidShelfZero</a>
<div class="detailToggle" style="display:inline"><a href="javascript:toggleDisplay(&apos;autolib_tests.LibraryBookTest.testConstructorValidVolumeInvalidShelfZero&apos;);"><span style="display:inline;" id="autolib_tests.LibraryBookTest.testConstructorValidVolumeInvalidShelfZerooff"> + </span><span style="display:none;" id="autolib_tests.LibraryBookTest.testConstructorValidVolumeInvalidShelfZeroon"> - </span>[ Detail ]</a></div></td>
<td>0.001</td></tr>
<tr class="a">
<td></td>
<td>Expected exception: java.lang.IllegalArgumentException</td>
<td></td></tr>
<tr class="b">
<td></td>
<td>
<div id="autolib_tests.LibraryBookTest.testConstructorValidVolumeInvalidShelfZeroerror" style="display:none;">
<div>
<pre>java.lang.AssertionError: Expected exception: java.lang.IllegalArgumentExceptionat org.junit.internal.runners.statements.ExpectException.evaluate(ExpectException.java:32)at org.junit.internal.runners.statements.RunBefores.evaluate(RunBefores.java:26)at org.junit.internal.runners.statements.RunAfters.evaluate(RunAfters.java:27)at org.junit.runners.ParentRunner.runLeaf(ParentRunner.java:325)at org.junit.runners.BlockJUnit4ClassRunner.runChild(BlockJUnit4ClassRunner.java:78)at org.junit.runners.BlockJUnit4ClassRunner.runChild(BlockJUnit4ClassRunner.java:57)at org.junit.runners.ParentRunner$3.run(ParentRunner.java:290)at org.junit.runners.ParentRunner$1.schedule(ParentRunner.java:71)at org.junit.runners.ParentRunner.runChildren(ParentRunner.java:288)at org.junit.runners.ParentRunner.access$000(ParentRunner.java:58)at org.junit.runners.ParentRunner$2.evaluate(ParentRunner.java:268)at org.junit.runners.ParentRunner.run(ParentRunner.java:363)at org.apache.maven.surefire.junit4.JUnit4Provider.execute(JUnit4Provider.java:252)at org.apache.maven.surefire.junit4.JUnit4Provider.executeTestSet(JUnit4Provider.java:141)at org.apache.maven.surefire.junit4.JUnit4Provider.invoke(JUnit4Provider.java:112)at sun.reflect.NativeMethodAccessorImpl.invoke0(Native Method)at sun.reflect.NativeMethodAccessorImpl.invoke(NativeMethodAccessorImpl.java:62)at sun.reflect.DelegatingMethodAccessorImpl.invoke(DelegatingMethodAccessorImpl.java:43)at java.lang.reflect.Method.invoke(Method.java:483)at org.apache.maven.surefire.util.ReflectionUtils.invokeMethodWithArray(ReflectionUtils.java:189)at org.apache.maven.surefire.booter.ProviderFactory$ProviderProxy.invoke(ProviderFactory.java:165)at org.apache.maven.surefire.booter.ProviderFactory.invokeProvider(ProviderFactory.java:85)at org.apache.maven.surefire.booter.ForkedBooter.runSuitesInProcess(ForkedBooter.java:115)at org.apache.maven.surefire.booter.ForkedBooter.main(ForkedBooter.java:75)</pre></div></div></td>
<td></td></tr>
<tr class="a">
<td><a href="#autolib_tests.LibraryBookTest.testCompareTo"><img src="images/icon_error_sml.gif" alt="" /></a></td>
<td><a href="#autolib_tests.LibraryBookTest.testCompareTo">testCompareTo</a>
<div class="detailToggle" style="display:inline"><a href="javascript:toggleDisplay(&apos;autolib_tests.LibraryBookTest.testCompareTo&apos;);"><span style="display:inline;" id="autolib_tests.LibraryBookTest.testCompareTooff"> + </span><span style="display:none;" id="autolib_tests.LibraryBookTest.testCompareToon"> - </span>[ Detail ]</a></div></td>
<td>0.002</td></tr>
<tr class="b">
<td></td>
<td>Not yet implemented</td>
<td></td></tr>
<tr class="a">
<td></td>
<td>
<div id="autolib_tests.LibraryBookTest.testCompareToerror" style="display:none;">
<div>
<pre>java.lang.AssertionError: Not yet implementedat org.junit.Assert.fail(Assert.java:88)at autolib_tests.LibraryBookTest.testCompareTo(LibraryBookTest.java:165)</pre></div></div></td>
<td></td></tr>
<tr class="b">
<td><a href="#autolib_tests.LibraryBookTest.testGetPublicationDate"><img src="images/icon_error_sml.gif" alt="" /></a></td>
<td><a href="#autolib_tests.LibraryBookTest.testGetPublicationDate">testGetPublicationDate</a>
<div class="detailToggle" style="display:inline"><a href="javascript:toggleDisplay(&apos;autolib_tests.LibraryBookTest.testGetPublicationDate&apos;);"><span style="display:inline;" id="autolib_tests.LibraryBookTest.testGetPublicationDateoff"> + </span><span style="display:none;" id="autolib_tests.LibraryBookTest.testGetPublicationDateon"> - </span>[ Detail ]</a></div></td>
<td>0.001</td></tr>
<tr class="a">
<td></td>
<td>Not yet implemented</td>
<td></td></tr>
<tr class="b">
<td></td>
<td>
<div id="autolib_tests.LibraryBookTest.testGetPublicationDateerror" style="display:none;">
<div>
<pre>java.lang.AssertionError: Not yet implementedat org.junit.Assert.fail(Assert.java:88)at autolib_tests.LibraryBookTest.testGetPublicationDate(LibraryBookTest.java:145)</pre></div></div></td>
<td></td></tr>
<tr class="a">
<td><a href="#autolib_tests.LibraryBookTest.testSetShelfNumberZero"><img src="images/icon_error_sml.gif" alt="" /></a></td>
<td><a href="#autolib_tests.LibraryBookTest.testSetShelfNumberZero">testSetShelfNumberZero</a>
<div class="detailToggle" style="display:inline"><a href="javascript:toggleDisplay(&apos;autolib_tests.LibraryBookTest.testSetShelfNumberZero&apos;);"><span style="display:inline;" id="autolib_tests.LibraryBookTest.testSetShelfNumberZerooff"> + </span><span style="display:none;" id="autolib_tests.LibraryBookTest.testSetShelfNumberZeroon"> - </span>[ Detail ]</a></div></td>
<td>0.002</td></tr>
<tr class="b">
<td></td>
<td>Expected exception: java.lang.IllegalArgumentException</td>
<td></td></tr>
<tr class="a">
<td></td>
<td>
<div id="autolib_tests.LibraryBookTest.testSetShelfNumberZeroerror" style="display:none;">
<div>
<pre>java.lang.AssertionError: Expected exception: java.lang.IllegalArgumentExceptionat org.junit.internal.runners.statements.ExpectException.evaluate(ExpectException.java:32)at org.junit.internal.runners.statements.RunBefores.evaluate(RunBefores.java:26)at org.junit.internal.runners.statements.RunAfters.evaluate(RunAfters.java:27)at org.junit.runners.ParentRunner.runLeaf(ParentRunner.java:325)at org.junit.runners.BlockJUnit4ClassRunner.runChild(BlockJUnit4ClassRunner.java:78)at org.junit.runners.BlockJUnit4ClassRunner.runChild(BlockJUnit4ClassRunner.java:57)at org.junit.runners.ParentRunner$3.run(ParentRunner.java:290)at org.junit.runners.ParentRunner$1.schedule(ParentRunner.java:71)at org.junit.runners.ParentRunner.runChildren(ParentRunner.java:288)at org.junit.runners.ParentRunner.access$000(ParentRunner.java:58)at org.junit.runners.ParentRunner$2.evaluate(ParentRunner.java:268)at org.junit.runners.ParentRunner.run(ParentRunner.java:363)at org.apache.maven.surefire.junit4.JUnit4Provider.execute(JUnit4Provider.java:252)at org.apache.maven.surefire.junit4.JUnit4Provider.executeTestSet(JUnit4Provider.java:141)at org.apache.maven.surefire.junit4.JUnit4Provider.invoke(JUnit4Provider.java:112)at sun.reflect.NativeMethodAccessorImpl.invoke0(Native Method)at sun.reflect.NativeMethodAccessorImpl.invoke(NativeMethodAccessorImpl.java:62)at sun.reflect.DelegatingMethodAccessorImpl.invoke(DelegatingMethodAccessorImpl.java:43)at java.lang.reflect.Method.invoke(Method.java:483)at org.apache.maven.surefire.util.ReflectionUtils.invokeMethodWithArray(ReflectionUtils.java:189)at org.apache.maven.surefire.booter.ProviderFactory$ProviderProxy.invoke(ProviderFactory.java:165)at org.apache.maven.surefire.booter.ProviderFactory.invokeProvider(ProviderFactory.java:85)at org.apache.maven.surefire.booter.ForkedBooter.runSuitesInProcess(ForkedBooter.java:115)at org.apache.maven.surefire.booter.ForkedBooter.main(ForkedBooter.java:75)</pre></div></div></td>
<td></td></tr>
<tr class="b">
<td><a href="#autolib_tests.LibraryBookTest.testGetNumPages"><img src="images/icon_error_sml.gif" alt="" /></a></td>
<td><a href="#autolib_tests.LibraryBookTest.testGetNumPages">testGetNumPages</a>
<div class="detailToggle" style="display:inline"><a href="javascript:toggleDisplay(&apos;autolib_tests.LibraryBookTest.testGetNumPages&apos;);"><span style="display:inline;" id="autolib_tests.LibraryBookTest.testGetNumPagesoff"> + </span><span style="display:none;" id="autolib_tests.LibraryBookTest.testGetNumPageson"> - </span>[ Detail ]</a></div></td>
<td>0.001</td></tr>
<tr class="a">
<td></td>
<td>Not yet implemented</td>
<td></td></tr>
<tr class="b">
<td></td>
<td>
<div id="autolib_tests.LibraryBookTest.testGetNumPageserror" style="display:none;">
<div>
<pre>java.lang.AssertionError: Not yet implementedat org.junit.Assert.fail(Assert.java:88)at autolib_tests.LibraryBookTest.testGetNumPages(LibraryBookTest.java:135)</pre></div></div></td>
<td></td></tr>
<tr class="a">
<td><a href="#autolib_tests.LibraryBookTest.testGetAuthors"><img src="images/icon_error_sml.gif" alt="" /></a></td>
<td><a href="#autolib_tests.LibraryBookTest.testGetAuthors">testGetAuthors</a>
<div class="detailToggle" style="display:inline"><a href="javascript:toggleDisplay(&apos;autolib_tests.LibraryBookTest.testGetAuthors&apos;);"><span style="display:inline;" id="autolib_tests.LibraryBookTest.testGetAuthorsoff"> + </span><span style="display:none;" id="autolib_tests.LibraryBookTest.testGetAuthorson"> - </span>[ Detail ]</a></div></td>
<td>0.002</td></tr>
<tr class="b">
<td></td>
<td>Not yet implemented</td>
<td></td></tr>
<tr class="a">
<td></td>
<td>
<div id="autolib_tests.LibraryBookTest.testGetAuthorserror" style="display:none;">
<div>
<pre>java.lang.AssertionError: Not yet implementedat org.junit.Assert.fail(Assert.java:88)at autolib_tests.LibraryBookTest.testGetAuthors(LibraryBookTest.java:130)</pre></div></div></td>
<td></td></tr>
<tr class="b">
<td><a href="#autolib_tests.LibraryBookTest.testIsAvailable"><img src="images/icon_error_sml.gif" alt="" /></a></td>
<td><a href="#autolib_tests.LibraryBookTest.testIsAvailable">testIsAvailable</a>
<div class="detailToggle" style="display:inline"><a href="javascript:toggleDisplay(&apos;autolib_tests.LibraryBookTest.testIsAvailable&apos;);"><span style="display:inline;" id="autolib_tests.LibraryBookTest.testIsAvailableoff"> + </span><span style="display:none;" id="autolib_tests.LibraryBookTest.testIsAvailableon"> - </span>[ Detail ]</a></div></td>
<td>0.003</td></tr>
<tr class="a">
<td></td>
<td>Not yet implemented</td>
<td></td></tr>
<tr class="b">
<td></td>
<td>
<div id="autolib_tests.LibraryBookTest.testIsAvailableerror" style="display:none;">
<div>
<pre>java.lang.AssertionError: Not yet implementedat org.junit.Assert.fail(Assert.java:88)at autolib_tests.LibraryBookTest.testIsAvailable(LibraryBookTest.java:150)</pre></div></div></td>
<td></td></tr>
<tr class="a">
<td><a href="#autolib_tests.LibraryBookTest.testSetShelfNumberTooLarge"><img src="images/icon_error_sml.gif" alt="" /></a></td>
<td><a href="#autolib_tests.LibraryBookTest.testSetShelfNumberTooLarge">testSetShelfNumberTooLarge</a>
<div class="detailToggle" style="display:inline"><a href="javascript:toggleDisplay(&apos;autolib_tests.LibraryBookTest.testSetShelfNumberTooLarge&apos;);"><span style="display:inline;" id="autolib_tests.LibraryBookTest.testSetShelfNumberTooLargeoff"> + </span><span style="display:none;" id="autolib_tests.LibraryBookTest.testSetShelfNumberTooLargeon"> - </span>[ Detail ]</a></div></td>
<td>0.002</td></tr>
<tr class="b">
<td></td>
<td>Expected exception: java.lang.IllegalArgumentException</td>
<td></td></tr>
<tr class="a">
<td></td>
<td>
<div id="autolib_tests.LibraryBookTest.testSetShelfNumberTooLargeerror" style="display:none;">
<div>
<pre>java.lang.AssertionError: Expected exception: java.lang.IllegalArgumentExceptionat org.junit.internal.runners.statements.ExpectException.evaluate(ExpectException.java:32)at org.junit.internal.runners.statements.RunBefores.evaluate(RunBefores.java:26)at org.junit.internal.runners.statements.RunAfters.evaluate(RunAfters.java:27)at org.junit.runners.ParentRunner.runLeaf(ParentRunner.java:325)at org.junit.runners.BlockJUnit4ClassRunner.runChild(BlockJUnit4ClassRunner.java:78)at org.junit.runners.BlockJUnit4ClassRunner.runChild(BlockJUnit4ClassRunner.java:57)at org.junit.runners.ParentRunner$3.run(ParentRunner.java:290)at org.junit.runners.ParentRunner$1.schedule(ParentRunner.java:71)at org.junit.runners.ParentRunner.runChildren(ParentRunner.java:288)at org.junit.runners.ParentRunner.access$000(ParentRunner.java:58)at org.junit.runners.ParentRunner$2.evaluate(ParentRunner.java:268)at org.junit.runners.ParentRunner.run(ParentRunner.java:363)at org.apache.maven.surefire.junit4.JUnit4Provider.execute(JUnit4Provider.java:252)at org.apache.maven.surefire.junit4.JUnit4Provider.executeTestSet(JUnit4Provider.java:141)at org.apache.maven.surefire.junit4.JUnit4Provider.invoke(JUnit4Provider.java:112)at sun.reflect.NativeMethodAccessorImpl.invoke0(Native Method)at sun.reflect.NativeMethodAccessorImpl.invoke(NativeMethodAccessorImpl.java:62)at sun.reflect.DelegatingMethodAccessorImpl.invoke(DelegatingMethodAccessorImpl.java:43)at java.lang.reflect.Method.invoke(Method.java:483)at org.apache.maven.surefire.util.ReflectionUtils.invokeMethodWithArray(ReflectionUtils.java:189)at org.apache.maven.surefire.booter.ProviderFactory$ProviderProxy.invoke(ProviderFactory.java:165)at org.apache.maven.surefire.booter.ProviderFactory.invokeProvider(ProviderFactory.java:85)at org.apache.maven.surefire.booter.ForkedBooter.runSuitesInProcess(ForkedBooter.java:115)at org.apache.maven.surefire.booter.ForkedBooter.main(ForkedBooter.java:75)</pre></div></div></td>
<td></td></tr>
<tr class="b">
<td><a href="#autolib_tests.LibraryBookTest.testConstructorValidVolumeInvalidShelfTooLarge"><img src="images/icon_error_sml.gif" alt="" /></a></td>
<td><a href="#autolib_tests.LibraryBookTest.testConstructorValidVolumeInvalidShelfTooLarge">testConstructorValidVolumeInvalidShelfTooLarge</a>
<div class="detailToggle" style="display:inline"><a href="javascript:toggleDisplay(&apos;autolib_tests.LibraryBookTest.testConstructorValidVolumeInvalidShelfTooLarge&apos;);"><span style="display:inline;" id="autolib_tests.LibraryBookTest.testConstructorValidVolumeInvalidShelfTooLargeoff"> + </span><span style="display:none;" id="autolib_tests.LibraryBookTest.testConstructorValidVolumeInvalidShelfTooLargeon"> - </span>[ Detail ]</a></div></td>
<td>0</td></tr>
<tr class="a">
<td></td>
<td>Expected exception: java.lang.IllegalArgumentException</td>
<td></td></tr>
<tr class="b">
<td></td>
<td>
<div id="autolib_tests.LibraryBookTest.testConstructorValidVolumeInvalidShelfTooLargeerror" style="display:none;">
<div>
<pre>java.lang.AssertionError: Expected exception: java.lang.IllegalArgumentExceptionat org.junit.internal.runners.statements.ExpectException.evaluate(ExpectException.java:32)at org.junit.internal.runners.statements.RunBefores.evaluate(RunBefores.java:26)at org.junit.internal.runners.statements.RunAfters.evaluate(RunAfters.java:27)at org.junit.runners.ParentRunner.runLeaf(ParentRunner.java:325)at org.junit.runners.BlockJUnit4ClassRunner.runChild(BlockJUnit4ClassRunner.java:78)at org.junit.runners.BlockJUnit4ClassRunner.runChild(BlockJUnit4ClassRunner.java:57)at org.junit.runners.ParentRunner$3.run(ParentRunner.java:290)at org.junit.runners.ParentRunner$1.schedule(ParentRunner.java:71)at org.junit.runners.ParentRunner.runChildren(ParentRunner.java:288)at org.junit.runners.ParentRunner.access$000(ParentRunner.java:58)at org.junit.runners.ParentRunner$2.evaluate(ParentRunner.java:268)at org.junit.runners.ParentRunner.run(ParentRunner.java:363)at org.apache.maven.surefire.junit4.JUnit4Provider.execute(JUnit4Provider.java:252)at org.apache.maven.surefire.junit4.JUnit4Provider.executeTestSet(JUnit4Provider.java:141)at org.apache.maven.surefire.junit4.JUnit4Provider.invoke(JUnit4Provider.java:112)at sun.reflect.NativeMethodAccessorImpl.invoke0(Native Method)at sun.reflect.NativeMethodAccessorImpl.invoke(NativeMethodAccessorImpl.java:62)at sun.reflect.DelegatingMethodAccessorImpl.invoke(DelegatingMethodAccessorImpl.java:43)at java.lang.reflect.Method.invoke(Method.java:483)at org.apache.maven.surefire.util.ReflectionUtils.invokeMethodWithArray(ReflectionUtils.java:189)at org.apache.maven.surefire.booter.ProviderFactory$ProviderProxy.invoke(ProviderFactory.java:165)at org.apache.maven.surefire.booter.ProviderFactory.invokeProvider(ProviderFactory.java:85)at org.apache.maven.surefire.booter.ForkedBooter.runSuitesInProcess(ForkedBooter.java:115)at org.apache.maven.surefire.booter.ForkedBooter.main(ForkedBooter.java:75)</pre></div></div></td>
<td></td></tr>
<tr class="a">
<td><a href="#autolib_tests.LibraryBookTest.testConstructorNullVolume"><img src="images/icon_error_sml.gif" alt="" /></a></td>
<td><a href="#autolib_tests.LibraryBookTest.testConstructorNullVolume">testConstructorNullVolume</a>
<div class="detailToggle" style="display:inline"><a href="javascript:toggleDisplay(&apos;autolib_tests.LibraryBookTest.testConstructorNullVolume&apos;);"><span style="display:inline;" id="autolib_tests.LibraryBookTest.testConstructorNullVolumeoff"> + </span><span style="display:none;" id="autolib_tests.LibraryBookTest.testConstructorNullVolumeon"> - </span>[ Detail ]</a></div></td>
<td>0.001</td></tr>
<tr class="b">
<td></td>
<td>Expected exception: java.lang.IllegalArgumentException</td>
<td></td></tr>
<tr class="a">
<td></td>
<td>
<div id="autolib_tests.LibraryBookTest.testConstructorNullVolumeerror" style="display:none;">
<div>
<pre>java.lang.AssertionError: Expected exception: java.lang.IllegalArgumentExceptionat org.junit.internal.runners.statements.ExpectException.evaluate(ExpectException.java:32)at org.junit.internal.runners.statements.RunBefores.evaluate(RunBefores.java:26)at org.junit.internal.runners.statements.RunAfters.evaluate(RunAfters.java:27)at org.junit.runners.ParentRunner.runLeaf(ParentRunner.java:325)at org.junit.runners.BlockJUnit4ClassRunner.runChild(BlockJUnit4ClassRunner.java:78)at org.junit.runners.BlockJUnit4ClassRunner.runChild(BlockJUnit4ClassRunner.java:57)at org.junit.runners.ParentRunner$3.run(ParentRunner.java:290)at org.junit.runners.ParentRunner$1.schedule(ParentRunner.java:71)at org.junit.runners.ParentRunner.runChildren(ParentRunner.java:288)at org.junit.runners.ParentRunner.access$000(ParentRunner.java:58)at org.junit.runners.ParentRunner$2.evaluate(ParentRunner.java:268)at org.junit.runners.ParentRunner.run(ParentRunner.java:363)at org.apache.maven.surefire.junit4.JUnit4Provider.execute(JUnit4Provider.java:252)at org.apache.maven.surefire.junit4.JUnit4Provider.executeTestSet(JUnit4Provider.java:141)at org.apache.maven.surefire.junit4.JUnit4Provider.invoke(JUnit4Provider.java:112)at sun.reflect.NativeMethodAccessorImpl.invoke0(Native Method)at sun.reflect.NativeMethodAccessorImpl.invoke(NativeMethodAccessorImpl.java:62)at sun.reflect.DelegatingMethodAccessorImpl.invoke(DelegatingMethodAccessorImpl.java:43)at java.lang.reflect.Method.invoke(Method.java:483)at org.apache.maven.surefire.util.ReflectionUtils.invokeMethodWithArray(ReflectionUtils.java:189)at org.apache.maven.surefire.booter.ProviderFactory$ProviderProxy.invoke(ProviderFactory.java:165)at org.apache.maven.surefire.booter.ProviderFactory.invokeProvider(ProviderFactory.java:85)at org.apache.maven.surefire.booter.ForkedBooter.runSuitesInProcess(ForkedBooter.java:115)at org.apache.maven.surefire.booter.ForkedBooter.main(ForkedBooter.java:75)</pre></div></div></td>
<td></td></tr>
<tr class="b">
<td><img src="images/icon_success_sml.gif" alt="" /></td>
<td>testSetShelfNumberValid</td>
<td>0.001</td></tr>
<tr class="a">
<td><a href="#autolib_tests.LibraryBookTest.testConstructorEmptyVolume"><img src="images/icon_error_sml.gif" alt="" /></a></td>
<td><a href="#autolib_tests.LibraryBookTest.testConstructorEmptyVolume">testConstructorEmptyVolume</a>
<div class="detailToggle" style="display:inline"><a href="javascript:toggleDisplay(&apos;autolib_tests.LibraryBookTest.testConstructorEmptyVolume&apos;);"><span style="display:inline;" id="autolib_tests.LibraryBookTest.testConstructorEmptyVolumeoff"> + </span><span style="display:none;" id="autolib_tests.LibraryBookTest.testConstructorEmptyVolumeon"> - </span>[ Detail ]</a></div></td>
<td>0.001</td></tr>
<tr class="b">
<td></td>
<td>Expected exception: java.lang.IllegalArgumentException</td>
<td></td></tr>
<tr class="a">
<td></td>
<td>
<div id="autolib_tests.LibraryBookTest.testConstructorEmptyVolumeerror" style="display:none;">
<div>
<pre>java.lang.AssertionError: Expected exception: java.lang.IllegalArgumentExceptionat org.junit.internal.runners.statements.ExpectException.evaluate(ExpectException.java:32)at org.junit.internal.runners.statements.RunBefores.evaluate(RunBefores.java:26)at org.junit.internal.runners.statements.RunAfters.evaluate(RunAfters.java:27)at org.junit.runners.ParentRunner.runLeaf(ParentRunner.java:325)at org.junit.runners.BlockJUnit4ClassRunner.runChild(BlockJUnit4ClassRunner.java:78)at org.junit.runners.BlockJUnit4ClassRunner.runChild(BlockJUnit4ClassRunner.java:57)at org.junit.runners.ParentRunner$3.run(ParentRunner.java:290)at org.junit.runners.ParentRunner$1.schedule(ParentRunner.java:71)at org.junit.runners.ParentRunner.runChildren(ParentRunner.java:288)at org.junit.runners.ParentRunner.access$000(ParentRunner.java:58)at org.junit.runners.ParentRunner$2.evaluate(ParentRunner.java:268)at org.junit.runners.ParentRunner.run(ParentRunner.java:363)at org.apache.maven.surefire.junit4.JUnit4Provider.execute(JUnit4Provider.java:252)at org.apache.maven.surefire.junit4.JUnit4Provider.executeTestSet(JUnit4Provider.java:141)at org.apache.maven.surefire.junit4.JUnit4Provider.invoke(JUnit4Provider.java:112)at sun.reflect.NativeMethodAccessorImpl.invoke0(Native Method)at sun.reflect.NativeMethodAccessorImpl.invoke(NativeMethodAccessorImpl.java:62)at sun.reflect.DelegatingMethodAccessorImpl.invoke(DelegatingMethodAccessorImpl.java:43)at java.lang.reflect.Method.invoke(Method.java:483)at org.apache.maven.surefire.util.ReflectionUtils.invokeMethodWithArray(ReflectionUtils.java:189)at org.apache.maven.surefire.booter.ProviderFactory$ProviderProxy.invoke(ProviderFactory.java:165)at org.apache.maven.surefire.booter.ProviderFactory.invokeProvider(ProviderFactory.java:85)at org.apache.maven.surefire.booter.ForkedBooter.runSuitesInProcess(ForkedBooter.java:115)at org.apache.maven.surefire.booter.ForkedBooter.main(ForkedBooter.java:75)</pre></div></div></td>
<td></td></tr>
<tr class="b">
<td><a href="#autolib_tests.LibraryBookTest.testGetDescription"><img src="images/icon_error_sml.gif" alt="" /></a></td>
<td><a href="#autolib_tests.LibraryBookTest.testGetDescription">testGetDescription</a>
<div class="detailToggle" style="display:inline"><a href="javascript:toggleDisplay(&apos;autolib_tests.LibraryBookTest.testGetDescription&apos;);"><span style="display:inline;" id="autolib_tests.LibraryBookTest.testGetDescriptionoff"> + </span><span style="display:none;" id="autolib_tests.LibraryBookTest.testGetDescriptionon"> - </span>[ Detail ]</a></div></td>
<td>0.002</td></tr>
<tr class="a">
<td></td>
<td>Not yet implemented</td>
<td></td></tr>
<tr class="b">
<td></td>
<td>
<div id="autolib_tests.LibraryBookTest.testGetDescriptionerror" style="display:none;">
<div>
<pre>java.lang.AssertionError: Not yet implementedat org.junit.Assert.fail(Assert.java:88)at autolib_tests.LibraryBookTest.testGetDescription(LibraryBookTest.java:140)</pre></div></div></td>
<td></td></tr>
<tr class="a">
<td><a href="#autolib_tests.LibraryBookTest.testConstructorEmptyVolumeInfo"><img src="images/icon_error_sml.gif" alt="" /></a></td>
<td><a href="#autolib_tests.LibraryBookTest.testConstructorEmptyVolumeInfo">testConstructorEmptyVolumeInfo</a>
<div class="detailToggle" style="display:inline"><a href="javascript:toggleDisplay(&apos;autolib_tests.LibraryBookTest.testConstructorEmptyVolumeInfo&apos;);"><span style="display:inline;" id="autolib_tests.LibraryBookTest.testConstructorEmptyVolumeInfooff"> + </span><span style="display:none;" id="autolib_tests.LibraryBookTest.testConstructorEmptyVolumeInfoon"> - </span>[ Detail ]</a></div></td>
<td>0.001</td></tr>
<tr class="b">
<td></td>
<td>Expected exception: java.lang.IllegalArgumentException</td>
<td></td></tr>
<tr class="a">
<td></td>
<td>
<div id="autolib_tests.LibraryBookTest.testConstructorEmptyVolumeInfoerror" style="display:none;">
<div>
<pre>java.lang.AssertionError: Expected exception: java.lang.IllegalArgumentExceptionat org.junit.internal.runners.statements.ExpectException.evaluate(ExpectException.java:32)at org.junit.internal.runners.statements.RunBefores.evaluate(RunBefores.java:26)at org.junit.internal.runners.statements.RunAfters.evaluate(RunAfters.java:27)at org.junit.runners.ParentRunner.runLeaf(ParentRunner.java:325)at org.junit.runners.BlockJUnit4ClassRunner.runChild(BlockJUnit4ClassRunner.java:78)at org.junit.runners.BlockJUnit4ClassRunner.runChild(BlockJUnit4ClassRunner.java:57)at org.junit.runners.ParentRunner$3.run(ParentRunner.java:290)at org.junit.runners.ParentRunner$1.schedule(ParentRunner.java:71)at org.junit.runners.ParentRunner.runChildren(ParentRunner.java:288)at org.junit.runners.ParentRunner.access$000(ParentRunner.java:58)at org.junit.runners.ParentRunner$2.evaluate(ParentRunner.java:268)at org.junit.runners.ParentRunner.run(ParentRunner.java:363)at org.apache.maven.surefire.junit4.JUnit4Provider.execute(JUnit4Provider.java:252)at org.apache.maven.surefire.junit4.JUnit4Provider.executeTestSet(JUnit4Provider.java:141)at org.apache.maven.surefire.junit4.JUnit4Provider.invoke(JUnit4Provider.java:112)at sun.reflect.NativeMethodAccessorImpl.invoke0(Native Method)at sun.reflect.NativeMethodAccessorImpl.invoke(NativeMethodAccessorImpl.java:62)at sun.reflect.DelegatingMethodAccessorImpl.invoke(DelegatingMethodAccessorImpl.java:43)at java.lang.reflect.Method.invoke(Method.java:483)at org.apache.maven.surefire.util.ReflectionUtils.invokeMethodWithArray(ReflectionUtils.java:189)at org.apache.maven.surefire.booter.ProviderFactory$ProviderProxy.invoke(ProviderFactory.java:165)at org.apache.maven.surefire.booter.ProviderFactory.invokeProvider(ProviderFactory.java:85)at org.apache.maven.surefire.booter.ForkedBooter.runSuitesInProcess(ForkedBooter.java:115)at org.apache.maven.surefire.booter.ForkedBooter.main(ForkedBooter.java:75)</pre></div></div></td>
<td></td></tr>
<tr class="b">
<td><a href="#autolib_tests.LibraryBookTest.testSetShelfNumberNegative"><img src="images/icon_error_sml.gif" alt="" /></a></td>
<td><a href="#autolib_tests.LibraryBookTest.testSetShelfNumberNegative">testSetShelfNumberNegative</a>
<div class="detailToggle" style="display:inline"><a href="javascript:toggleDisplay(&apos;autolib_tests.LibraryBookTest.testSetShelfNumberNegative&apos;);"><span style="display:inline;" id="autolib_tests.LibraryBookTest.testSetShelfNumberNegativeoff"> + </span><span style="display:none;" id="autolib_tests.LibraryBookTest.testSetShelfNumberNegativeon"> - </span>[ Detail ]</a></div></td>
<td>0.001</td></tr>
<tr class="a">
<td></td>
<td>Expected exception: java.lang.IllegalArgumentException</td>
<td></td></tr>
<tr class="b">
<td></td>
<td>
<div id="autolib_tests.LibraryBookTest.testSetShelfNumberNegativeerror" style="display:none;">
<div>
<pre>java.lang.AssertionError: Expected exception: java.lang.IllegalArgumentExceptionat org.junit.internal.runners.statements.ExpectException.evaluate(ExpectException.java:32)at org.junit.internal.runners.statements.RunBefores.evaluate(RunBefores.java:26)at org.junit.internal.runners.statements.RunAfters.evaluate(RunAfters.java:27)at org.junit.runners.ParentRunner.runLeaf(ParentRunner.java:325)at org.junit.runners.BlockJUnit4ClassRunner.runChild(BlockJUnit4ClassRunner.java:78)at org.junit.runners.BlockJUnit4ClassRunner.runChild(BlockJUnit4ClassRunner.java:57)at org.junit.runners.ParentRunner$3.run(ParentRunner.java:290)at org.junit.runners.ParentRunner$1.schedule(ParentRunner.java:71)at org.junit.runners.ParentRunner.runChildren(ParentRunner.java:288)at org.junit.runners.ParentRunner.access$000(ParentRunner.java:58)at org.junit.runners.ParentRunner$2.evaluate(ParentRunner.java:268)at org.junit.runners.ParentRunner.run(ParentRunner.java:363)at org.apache.maven.surefire.junit4.JUnit4Provider.execute(JUnit4Provider.java:252)at org.apache.maven.surefire.junit4.JUnit4Provider.executeTestSet(JUnit4Provider.java:141)at org.apache.maven.surefire.junit4.JUnit4Provider.invoke(JUnit4Provider.java:112)at sun.reflect.NativeMethodAccessorImpl.invoke0(Native Method)at sun.reflect.NativeMethodAccessorImpl.invoke(NativeMethodAccessorImpl.java:62)at sun.reflect.DelegatingMethodAccessorImpl.invoke(DelegatingMethodAccessorImpl.java:43)at java.lang.reflect.Method.invoke(Method.java:483)at org.apache.maven.surefire.util.ReflectionUtils.invokeMethodWithArray(ReflectionUtils.java:189)at org.apache.maven.surefire.booter.ProviderFactory$ProviderProxy.invoke(ProviderFactory.java:165)at org.apache.maven.surefire.booter.ProviderFactory.invokeProvider(ProviderFactory.java:85)at org.apache.maven.surefire.booter.ForkedBooter.runSuitesInProcess(ForkedBooter.java:115)at org.apache.maven.surefire.booter.ForkedBooter.main(ForkedBooter.java:75)</pre></div></div></td>
<td></td></tr>
<tr class="a">
<td><a href="#autolib_tests.LibraryBookTest.testSetAvailable"><img src="images/icon_error_sml.gif" alt="" /></a></td>
<td><a href="#autolib_tests.LibraryBookTest.testSetAvailable">testSetAvailable</a>
<div class="detailToggle" style="display:inline"><a href="javascript:toggleDisplay(&apos;autolib_tests.LibraryBookTest.testSetAvailable&apos;);"><span style="display:inline;" id="autolib_tests.LibraryBookTest.testSetAvailableoff"> + </span><span style="display:none;" id="autolib_tests.LibraryBookTest.testSetAvailableon"> - </span>[ Detail ]</a></div></td>
<td>0.001</td></tr>
<tr class="b">
<td></td>
<td>Not yet implemented</td>
<td></td></tr>
<tr class="a">
<td></td>
<td>
<div id="autolib_tests.LibraryBookTest.testSetAvailableerror" style="display:none;">
<div>
<pre>java.lang.AssertionError: Not yet implementedat org.junit.Assert.fail(Assert.java:88)at autolib_tests.LibraryBookTest.testSetAvailable(LibraryBookTest.java:155)</pre></div></div></td>
<td></td></tr>
<tr class="b">
<td><a href="#autolib_tests.LibraryBookTest.testSetCheckedOut"><img src="images/icon_error_sml.gif" alt="" /></a></td>
<td><a href="#autolib_tests.LibraryBookTest.testSetCheckedOut">testSetCheckedOut</a>
<div class="detailToggle" style="display:inline"><a href="javascript:toggleDisplay(&apos;autolib_tests.LibraryBookTest.testSetCheckedOut&apos;);"><span style="display:inline;" id="autolib_tests.LibraryBookTest.testSetCheckedOutoff"> + </span><span style="display:none;" id="autolib_tests.LibraryBookTest.testSetCheckedOuton"> - </span>[ Detail ]</a></div></td>
<td>0.004</td></tr>
<tr class="a">
<td></td>
<td>Not yet implemented</td>
<td></td></tr>
<tr class="b">
<td></td>
<td>
<div id="autolib_tests.LibraryBookTest.testSetCheckedOuterror" style="display:none;">
<div>
<pre>java.lang.AssertionError: Not yet implementedat org.junit.Assert.fail(Assert.java:88)at autolib_tests.LibraryBookTest.testSetCheckedOut(LibraryBookTest.java:160)</pre></div></div></td>
<td></td></tr>
<tr class="a">
<td><a href="#autolib_tests.LibraryBookTest.testConstructorValidVolumeInvalidShelfNegative"><img src="images/icon_error_sml.gif" alt="" /></a></td>
<td><a href="#autolib_tests.LibraryBookTest.testConstructorValidVolumeInvalidShelfNegative">testConstructorValidVolumeInvalidShelfNegative</a>
<div class="detailToggle" style="display:inline"><a href="javascript:toggleDisplay(&apos;autolib_tests.LibraryBookTest.testConstructorValidVolumeInvalidShelfNegative&apos;);"><span style="display:inline;" id="autolib_tests.LibraryBookTest.testConstructorValidVolumeInvalidShelfNegativeoff"> + </span><span style="display:none;" id="autolib_tests.LibraryBookTest.testConstructorValidVolumeInvalidShelfNegativeon"> - </span>[ Detail ]</a></div></td>
<td>0.001</td></tr>
<tr class="b">
<td></td>
<td>Expected exception: java.lang.IllegalArgumentException</td>
<td></td></tr>
<tr class="a">
<td></td>
<td>
<div id="autolib_tests.LibraryBookTest.testConstructorValidVolumeInvalidShelfNegativeerror" style="display:none;">
<div>
<pre>java.lang.AssertionError: Expected exception: java.lang.IllegalArgumentExceptionat org.junit.internal.runners.statements.ExpectException.evaluate(ExpectException.java:32)at org.junit.internal.runners.statements.RunBefores.evaluate(RunBefores.java:26)at org.junit.internal.runners.statements.RunAfters.evaluate(RunAfters.java:27)at org.junit.runners.ParentRunner.runLeaf(ParentRunner.java:325)at org.junit.runners.BlockJUnit4ClassRunner.runChild(BlockJUnit4ClassRunner.java:78)at org.junit.runners.BlockJUnit4ClassRunner.runChild(BlockJUnit4ClassRunner.java:57)at org.junit.runners.ParentRunner$3.run(ParentRunner.java:290)at org.junit.runners.ParentRunner$1.schedule(ParentRunner.java:71)at org.junit.runners.ParentRunner.runChildren(ParentRunner.java:288)at org.junit.runners.ParentRunner.access$000(ParentRunner.java:58)at org.junit.runners.ParentRunner$2.evaluate(ParentRunner.java:268)at org.junit.runners.ParentRunner.run(ParentRunner.java:363)at org.apache.maven.surefire.junit4.JUnit4Provider.execute(JUnit4Provider.java:252)at org.apache.maven.surefire.junit4.JUnit4Provider.executeTestSet(JUnit4Provider.java:141)at org.apache.maven.surefire.junit4.JUnit4Provider.invoke(JUnit4Provider.java:112)at sun.reflect.NativeMethodAccessorImpl.invoke0(Native Method)at sun.reflect.NativeMethodAccessorImpl.invoke(NativeMethodAccessorImpl.java:62)at sun.reflect.DelegatingMethodAccessorImpl.invoke(DelegatingMethodAccessorImpl.java:43)at java.lang.reflect.Method.invoke(Method.java:483)at org.apache.maven.surefire.util.ReflectionUtils.invokeMethodWithArray(ReflectionUtils.java:189)at org.apache.maven.surefire.booter.ProviderFactory$ProviderProxy.invoke(ProviderFactory.java:165)at org.apache.maven.surefire.booter.ProviderFactory.invokeProvider(ProviderFactory.java:85)at org.apache.maven.surefire.booter.ForkedBooter.runSuitesInProcess(ForkedBooter.java:115)at org.apache.maven.surefire.booter.ForkedBooter.main(ForkedBooter.java:75)</pre></div></div></td>
<td></td></tr></table></div><br /></div>
<div class="section">
<h2>Failure Details<a name="Failure_Details"></a></h2><a name="Failure_Details"></a>
<p>[<a href="#Summary">Summary</a>] [<a href="#Package_List">Package List</a>] [<a href="#Test_Cases">Test Cases</a>]</p><br />
<table border="1" class="bodyTable">
<tr class="a">
<td><img src="images/icon_error_sml.gif" alt="" /></td>
<td><a name="autolib_tests.CatalogTest.testBackoffRequest"></a>testBackoffRequest</td></tr>
<tr class="b">
<td></td>
<td>java.lang.AssertionError: Not yet implemented</td></tr>        
<tr class="a">
<td></td>
<td>
<div id="testBackoffRequesterror">autolib_tests.CatalogTest:21</div></td></tr>
<tr class="b">
<td><img src="images/icon_error_sml.gif" alt="" /></td>
<td><a name="autolib_tests.CatalogTest.testGetMin"></a>testGetMin</td></tr>
<tr class="a">
<td></td>
<td>java.lang.AssertionError: Not yet implemented</td></tr>        
<tr class="b">
<td></td>
<td>
<div id="testGetMinerror">autolib_tests.CatalogTest:26</div></td></tr>
<tr class="a">
<td><img src="images/icon_error_sml.gif" alt="" /></td>
<td><a name="autolib_tests.LibraryBookTest.testConstructorValidVolumeInvalidShelfZero"></a>testConstructorValidVolumeInvalidShelfZero</td></tr>
<tr class="b">
<td></td>
<td>java.lang.AssertionError: Expected exception: java.lang.IllegalArgumentException</td></tr>                                                                                                
<tr class="a">
<td></td>
<td>
<div id="testConstructorValidVolumeInvalidShelfZeroerror">autolib_tests.LibraryBookTest:</div></td></tr>
<tr class="b">
<td><img src="images/icon_error_sml.gif" alt="" /></td>
<td><a name="autolib_tests.LibraryBookTest.testCompareTo"></a>testCompareTo</td></tr>
<tr class="a">
<td></td>
<td>java.lang.AssertionError: Not yet implemented</td></tr>        
<tr class="b">
<td></td>
<td>
<div id="testCompareToerror">autolib_tests.LibraryBookTest:165</div></td></tr>
<tr class="a">
<td><img src="images/icon_error_sml.gif" alt="" /></td>
<td><a name="autolib_tests.LibraryBookTest.testGetPublicationDate"></a>testGetPublicationDate</td></tr>
<tr class="b">
<td></td>
<td>java.lang.AssertionError: Not yet implemented</td></tr>        
<tr class="a">
<td></td>
<td>
<div id="testGetPublicationDateerror">autolib_tests.LibraryBookTest:145</div></td></tr>
<tr class="b">
<td><img src="images/icon_error_sml.gif" alt="" /></td>
<td><a name="autolib_tests.LibraryBookTest.testSetShelfNumberZero"></a>testSetShelfNumberZero</td></tr>
<tr class="a">
<td></td>
<td>java.lang.AssertionError: Expected exception: java.lang.IllegalArgumentException</td></tr>                                                                                                
<tr class="b">
<td></td>
<td>
<div id="testSetShelfNumberZeroerror">autolib_tests.LibraryBookTest:</div></td></tr>
<tr class="a">
<td><img src="images/icon_error_sml.gif" alt="" /></td>
<td><a name="autolib_tests.LibraryBookTest.testGetNumPages"></a>testGetNumPages</td></tr>
<tr class="b">
<td></td>
<td>java.lang.AssertionError: Not yet implemented</td></tr>        
<tr class="a">
<td></td>
<td>
<div id="testGetNumPageserror">autolib_tests.LibraryBookTest:135</div></td></tr>
<tr class="b">
<td><img src="images/icon_error_sml.gif" alt="" /></td>
<td><a name="autolib_tests.LibraryBookTest.testGetAuthors"></a>testGetAuthors</td></tr>
<tr class="a">
<td></td>
<td>java.lang.AssertionError: Not yet implemented</td></tr>        
<tr class="b">
<td></td>
<td>
<div id="testGetAuthorserror">autolib_tests.LibraryBookTest:130</div></td></tr>
<tr class="a">
<td><img src="images/icon_error_sml.gif" alt="" /></td>
<td><a name="autolib_tests.LibraryBookTest.testIsAvailable"></a>testIsAvailable</td></tr>
<tr class="b">
<td></td>
<td>java.lang.AssertionError: Not yet implemented</td></tr>        
<tr class="a">
<td></td>
<td>
<div id="testIsAvailableerror">autolib_tests.LibraryBookTest:150</div></td></tr>
<tr class="b">
<td><img src="images/icon_error_sml.gif" alt="" /></td>
<td><a name="autolib_tests.LibraryBookTest.testSetShelfNumberTooLarge"></a>testSetShelfNumberTooLarge</td></tr>
<tr class="a">
<td></td>
<td>java.lang.AssertionError: Expected exception: java.lang.IllegalArgumentException</td></tr>                                                                                                
<tr class="b">
<td></td>
<td>
<div id="testSetShelfNumberTooLargeerror">autolib_tests.LibraryBookTest:</div></td></tr>
<tr class="a">
<td><img src="images/icon_error_sml.gif" alt="" /></td>
<td><a name="autolib_tests.LibraryBookTest.testConstructorValidVolumeInvalidShelfTooLarge"></a>testConstructorValidVolumeInvalidShelfTooLarge</td></tr>
<tr class="b">
<td></td>
<td>java.lang.AssertionError: Expected exception: java.lang.IllegalArgumentException</td></tr>                                                                                                
<tr class="a">
<td></td>
<td>
<div id="testConstructorValidVolumeInvalidShelfTooLargeerror">autolib_tests.LibraryBookTest:</div></td></tr>
<tr class="b">
<td><img src="images/icon_error_sml.gif" alt="" /></td>
<td><a name="autolib_tests.LibraryBookTest.testConstructorNullVolume"></a>testConstructorNullVolume</td></tr>
<tr class="a">
<td></td>
<td>java.lang.AssertionError: Expected exception: java.lang.IllegalArgumentException</td></tr>                                                                                                
<tr class="b">
<td></td>
<td>
<div id="testConstructorNullVolumeerror">autolib_tests.LibraryBookTest:</div></td></tr>
<tr class="a">
<td><img src="images/icon_error_sml.gif" alt="" /></td>
<td><a name="autolib_tests.LibraryBookTest.testConstructorEmptyVolume"></a>testConstructorEmptyVolume</td></tr>
<tr class="b">
<td></td>
<td>java.lang.AssertionError: Expected exception: java.lang.IllegalArgumentException</td></tr>                                                                                                
<tr class="a">
<td></td>
<td>
<div id="testConstructorEmptyVolumeerror">autolib_tests.LibraryBookTest:</div></td></tr>
<tr class="b">
<td><img src="images/icon_error_sml.gif" alt="" /></td>
<td><a name="autolib_tests.LibraryBookTest.testGetDescription"></a>testGetDescription</td></tr>
<tr class="a">
<td></td>
<td>java.lang.AssertionError: Not yet implemented</td></tr>        
<tr class="b">
<td></td>
<td>
<div id="testGetDescriptionerror">autolib_tests.LibraryBookTest:140</div></td></tr>
<tr class="a">
<td><img src="images/icon_error_sml.gif" alt="" /></td>
<td><a name="autolib_tests.LibraryBookTest.testConstructorEmptyVolumeInfo"></a>testConstructorEmptyVolumeInfo</td></tr>
<tr class="b">
<td></td>
<td>java.lang.AssertionError: Expected exception: java.lang.IllegalArgumentException</td></tr>                                                                                                
<tr class="a">
<td></td>
<td>
<div id="testConstructorEmptyVolumeInfoerror">autolib_tests.LibraryBookTest:</div></td></tr>
<tr class="b">
<td><img src="images/icon_error_sml.gif" alt="" /></td>
<td><a name="autolib_tests.LibraryBookTest.testSetShelfNumberNegative"></a>testSetShelfNumberNegative</td></tr>
<tr class="a">
<td></td>
<td>java.lang.AssertionError: Expected exception: java.lang.IllegalArgumentException</td></tr>                                                                                                
<tr class="b">
<td></td>
<td>
<div id="testSetShelfNumberNegativeerror">autolib_tests.LibraryBookTest:</div></td></tr>
<tr class="a">
<td><img src="images/icon_error_sml.gif" alt="" /></td>
<td><a name="autolib_tests.LibraryBookTest.testSetAvailable"></a>testSetAvailable</td></tr>
<tr class="b">
<td></td>
<td>java.lang.AssertionError: Not yet implemented</td></tr>        
<tr class="a">
<td></td>
<td>
<div id="testSetAvailableerror">autolib_tests.LibraryBookTest:155</div></td></tr>
<tr class="b">
<td><img src="images/icon_error_sml.gif" alt="" /></td>
<td><a name="autolib_tests.LibraryBookTest.testSetCheckedOut"></a>testSetCheckedOut</td></tr>
<tr class="a">
<td></td>
<td>java.lang.AssertionError: Not yet implemented</td></tr>        
<tr class="b">
<td></td>
<td>
<div id="testSetCheckedOuterror">autolib_tests.LibraryBookTest:160</div></td></tr>
<tr class="a">
<td><img src="images/icon_error_sml.gif" alt="" /></td>
<td><a name="autolib_tests.LibraryBookTest.testConstructorValidVolumeInvalidShelfNegative"></a>testConstructorValidVolumeInvalidShelfNegative</td></tr>
<tr class="b">
<td></td>
<td>java.lang.AssertionError: Expected exception: java.lang.IllegalArgumentException</td></tr>                                                                                                
<tr class="a">
<td></td>
<td>
<div id="testConstructorValidVolumeInvalidShelfNegativeerror">autolib_tests.LibraryBookTest:</div></td></tr></table><br /></div>
      </div>
    </div>
    <div class="clear">
      <hr/>
    </div>
    <div id="footer">
      <div class="xright">
              Copyright &#169;                   2015.
          All Rights Reserved.      
                    
                  </div>
      <div class="clear">
        <hr/>
      </div>
    </div>
  </body>
</html>
